acr_admin_password = <sensitive>
acr_admin_username = <sensitive>
acr_id = "/subscriptions/3f5adb21-57ce-4445-8313-1c22abfb65af/resourceGroups/rg-azure-dataplatform-mvp/providers/Microsoft.ContainerRegistry/registries/acrixgs8i"
acr_login_server = "acrixgs8i.azurecr.io"
acr_name = "acrixgs8i"
airflow_identity_client_id = "381a37ea-719d-46a3-ba8f-b2fae39444bd"
airflow_identity_id = "/subscriptions/3f5adb21-57ce-4445-8313-1c22abfb65af/resourceGroups/rg-azure-dataplatform-mvp/providers/Microsoft.ManagedIdentity/userAssignedIdentities/airflow-identity"
airflow_identity_principal_id = "a2a3ec54-df7f-46be-b910-bd98ad4390d6"
aks_fqdn = "aks-data-mvp-vxr3sknt.hcp.norwayeast.azmk8s.io"
aks_id = "/subscriptions/3f5adb21-57ce-4445-8313-1c22abfb65af/resourceGroups/rg-azure-dataplatform-mvp/providers/Microsoft.ContainerService/managedClusters/aks-dataplatform-mvp"
aks_identity_object_id = ""
aks_kube_config_raw = <sensitive>
aks_name = "aks-dataplatform-mvp"
aks_oidc_issuer_url = "https://norwayeast.oic.prod-aks.azure.com/76a2ae5a-9f00-4f6b-95ed-5d33d77c4d61/ddd04def-e248-4eb4-9ce8-914b76e86bdc/"
aks_subnet_id = "/subscriptions/3f5adb21-57ce-4445-8313-1c22abfb65af/resourceGroups/rg-azure-dataplatform-mvp/providers/Microsoft.Network/virtualNetworks/vnet-dataplatform-mvp/subnets/snet-aks"
keyvault_id = "/subscriptions/3f5adb21-57ce-4445-8313-1c22abfb65af/resourceGroups/rg-azure-dataplatform-mvp/providers/Microsoft.KeyVault/vaults/airflow-kv-ixgs8i"
keyvault_name = "airflow-kv-ixgs8i"
keyvault_vault_uri = "https://airflow-kv-ixgs8i.vault.azure.net/"
location = "norwayeast"
postgres_admin_username = <sensitive>
postgres_fqdn = "psql-dataplatform-mvp-41a5.postgres.database.azure.com"
postgres_private_dns_zone_id = "/subscriptions/3f5adb21-57ce-4445-8313-1c22abfb65af/resourceGroups/rg-azure-dataplatform-mvp/providers/Microsoft.Network/privateDnsZones/privatelink.postgres.database.azure.com"
postgres_server_id = "/subscriptions/3f5adb21-57ce-4445-8313-1c22abfb65af/resourceGroups/rg-azure-dataplatform-mvp/providers/Microsoft.DBforPostgreSQL/flexibleServers/psql-dataplatform-mvp-41a5"
postgres_server_name = "psql-dataplatform-mvp-41a5"
postgres_subnet_id = "/subscriptions/3f5adb21-57ce-4445-8313-1c22abfb65af/resourceGroups/rg-azure-dataplatform-mvp/providers/Microsoft.Network/virtualNetworks/vnet-dataplatform-mvp/subnets/snet-postgres"
resource_group_id = "/subscriptions/3f5adb21-57ce-4445-8313-1c22abfb65af/resourceGroups/rg-azure-dataplatform-mvp"
resource_group_name = "rg-azure-dataplatform-mvp"
storage_account_id = "/subscriptions/3f5adb21-57ce-4445-8313-1c22abfb65af/resourceGroups/rg-azure-dataplatform-mvp/providers/Microsoft.Storage/storageAccounts/airflowsaixgs8i"
storage_account_name = "airflowsaixgs8i"
storage_account_primary_blob_endpoint = "https://airflowsaixgs8i.blob.core.windows.net/"
storage_container_name = "airflow-logs"
vnet_id = "/subscriptions/3f5adb21-57ce-4445-8313-1c22abfb65af/resourceGroups/rg-azure-dataplatform-mvp/providers/Microsoft.Network/virtualNetworks/vnet-dataplatform-mvp"
vnet_name = "vnet-dataplatform-mvp"
